#! c:/iverilog-x64/bin/vvp
:ivl_version "10.1 (stable)" "(v10_1_1)";
:ivl_delay_selection "TYPICAL";
:vpi_time_precision - 11;
:vpi_module "system";
:vpi_module "vhdl_sys";
:vpi_module "v2005_math";
:vpi_module "va_math";
S_0000000000858800 .scope module, "test" "test" 2 12;
 .timescale -9 -11;
P_0000000000937d50 .param/l "ADDRSIZE" 0 2 14, +C4<00000000000000000000000000001100>;
P_0000000000937d88 .param/l "CYCLE" 0 2 16, +C4<00000000000000000000000000001010>;
P_0000000000937dc0 .param/l "MEMSIZE" 0 2 15, +C4<00000000000000000000000000000001000000000000>;
P_0000000000937df8 .param/l "WIDTH" 0 2 13, +C4<00000000000000000000000000100000>;
v00000000009018a0_0 .net "CPU_dataIn", 31 0, v000000000088abb0_0;  1 drivers
v0000000000900360_0 .net "CPU_dataOut", 31 0, v0000000000901bc0_0;  1 drivers
v00000000009007c0_0 .net "CPU_in_dataIn", 31 0, v000000000088a9d0_0;  1 drivers
v0000000000901300_0 .net "CPU_in_dataOut", 31 0, v0000000000900fe0_0;  1 drivers
v0000000000901c60_0 .net "address", 11 0, v0000000000900cc0_0;  1 drivers
v00000000009005e0_0 .var "clk", 0 0;
v0000000000901ee0_0 .net "halt", 0 0, v0000000000901d00_0;  1 drivers
v0000000000901620_0 .net "in_address", 11 0, v00000000009011c0_0;  1 drivers
v0000000000900b80_0 .net "in_wr", 0 0, v0000000000900540_0;  1 drivers
v0000000000900a40_0 .var "reset", 0 0;
v0000000000900ea0_0 .net "wr", 0 0, v0000000000901120_0;  1 drivers
E_00000000008a6650 .event edge, v0000000000901d00_0;
S_0000000000881da0 .scope module, "mem" "memory" 2 28, 3 1 0, S_0000000000858800;
 .timescale -9 -11;
    .port_info 0 /OUTPUT 32 "dataOut"
    .port_info 1 /INPUT 32 "dataIn"
    .port_info 2 /INPUT 12 "address"
    .port_info 3 /INPUT 1 "reset"
    .port_info 4 /INPUT 1 "wr"
    .port_info 5 /INPUT 1 "clk"
P_00000000008a3770 .param/l "ADDRSIZE" 0 3 3, +C4<00000000000000000000000000001100>;
P_00000000008a37a8 .param/l "MEMSIZE" 0 3 4, +C4<00000000000000000000000000000001000000000000>;
P_00000000008a37e0 .param/l "WIDTH" 0 3 2, +C4<00000000000000000000000000100000>;
v000000000088acf0 .array "MEM", 4095 0, 31 0;
v000000000088b290_0 .net "address", 11 0, v0000000000900cc0_0;  alias, 1 drivers
v000000000088b150_0 .net "clk", 0 0, v00000000009005e0_0;  1 drivers
v000000000088aa70_0 .net "dataIn", 31 0, v0000000000901bc0_0;  alias, 1 drivers
v000000000088abb0_0 .var "dataOut", 31 0;
v000000000088b330_0 .net "reset", 0 0, v0000000000900a40_0;  1 drivers
v000000000088a430_0 .net "wr", 0 0, v0000000000901120_0;  alias, 1 drivers
E_00000000008a6990 .event posedge, v000000000088b150_0;
S_0000000000881f20 .scope module, "mem2" "inMemory" 2 29, 4 1 0, S_0000000000858800;
 .timescale -9 -11;
    .port_info 0 /OUTPUT 32 "dataOut"
    .port_info 1 /INPUT 32 "dataIn"
    .port_info 2 /INPUT 12 "address"
    .port_info 3 /INPUT 1 "reset"
    .port_info 4 /INPUT 1 "wr"
    .port_info 5 /INPUT 1 "clk"
P_00000000008a3820 .param/l "ADDRSIZE" 0 4 3, +C4<00000000000000000000000000001100>;
P_00000000008a3858 .param/l "MEMSIZE" 0 4 4, +C4<00000000000000000000000000000001000000000000>;
P_00000000008a3890 .param/l "WIDTH" 0 4 2, +C4<00000000000000000000000000100000>;
v000000000088af70 .array "MEM", 4095 0, 31 0;
v000000000088a890_0 .net "address", 11 0, v00000000009011c0_0;  alias, 1 drivers
v000000000088a4d0_0 .net "clk", 0 0, v00000000009005e0_0;  alias, 1 drivers
v000000000088ae30_0 .net "dataIn", 31 0, v0000000000900fe0_0;  alias, 1 drivers
v000000000088a9d0_0 .var "dataOut", 31 0;
v000000000088a610_0 .net "reset", 0 0, v0000000000900a40_0;  alias, 1 drivers
v000000000088aed0_0 .net "wr", 0 0, v0000000000900540_0;  alias, 1 drivers
S_000000000087b550 .scope module, "mnp" "np" 2 25, 5 6 0, S_0000000000858800;
 .timescale -9 -11;
    .port_info 0 /INPUT 1 "clk"
    .port_info 1 /INPUT 1 "reset"
    .port_info 2 /OUTPUT 1 "in_wr"
    .port_info 3 /OUTPUT 1 "wr"
    .port_info 4 /OUTPUT 12 "in_address"
    .port_info 5 /INPUT 32 "in_dataIn"
    .port_info 6 /OUTPUT 32 "in_dataOut"
    .port_info 7 /OUTPUT 12 "address"
    .port_info 8 /INPUT 32 "dataIn"
    .port_info 9 /OUTPUT 32 "dataOut"
    .port_info 10 /OUTPUT 1 "halt"
P_000000000087b6d0 .param/l "ADDRSIZE" 0 5 9, +C4<00000000000000000000000000001100>;
P_000000000087b708 .param/l "EXE" 0 5 88, C4<01>;
P_000000000087b740 .param/l "FET" 0 5 88, C4<00>;
P_000000000087b778 .param/l "MAXREGS" 0 5 11, +C4<00000000000000000000000000010000>;
P_000000000087b7b0 .param/l "MEMSIZE" 0 5 10, +C4<00000000000000000000000000000001000000000000>;
P_000000000087b7e8 .param/l "RESET" 0 5 88, C4<11>;
P_000000000087b820 .param/l "SBITS" 0 5 12, +C4<00000000000000000000000000000101>;
P_000000000087b858 .param/l "WB" 0 5 88, C4<10>;
P_000000000087b890 .param/l "WIDTH" 0 5 8, +C4<00000000000000000000000000100000>;
v00000000009009a0 .array "RFILE", 15 0, 31 0;
v0000000000900cc0_0 .var "address", 11 0;
v0000000000900900_0 .net "clk", 0 0, v00000000009005e0_0;  alias, 1 drivers
v0000000000901760_0 .net "dataIn", 31 0, v000000000088abb0_0;  alias, 1 drivers
v0000000000901bc0_0 .var "dataOut", 31 0;
v0000000000901260_0 .var "dir", 0 0;
v0000000000901d00_0 .var "halt", 0 0;
v0000000000902200_0 .var/i "i", 31 0;
v00000000009011c0_0 .var "in_address", 11 0;
v0000000000900680_0 .net "in_dataIn", 31 0, v000000000088a9d0_0;  alias, 1 drivers
v0000000000900fe0_0 .var "in_dataOut", 31 0;
v0000000000900540_0 .var "in_wr", 0 0;
v0000000000900720_0 .var "ir", 31 0;
v0000000000900c20_0 .var "next_state", 1 0;
v0000000000900d60_0 .var "pc", 11 0;
v0000000000900860_0 .var "pc_r", 11 0;
v0000000000900e00_0 .var "psr", 4 0;
v0000000000901a80_0 .var "psr_r", 4 0;
v0000000000901da0_0 .net "reset", 0 0, v0000000000900a40_0;  alias, 1 drivers
v0000000000901440_0 .var "result", 32 0;
v00000000009019e0_0 .var "result_r", 32 0;
v0000000000901b20_0 .var "src1", 31 0;
v00000000009014e0_0 .var "src2", 31 0;
v0000000000901580_0 .var "state", 1 0;
v0000000000901120_0 .var "wr", 0 0;
E_00000000008a5cd0 .event edge, v0000000000901580_0;
v00000000009009a0_0 .array/port v00000000009009a0, 0;
v00000000009009a0_1 .array/port v00000000009009a0, 1;
v00000000009009a0_2 .array/port v00000000009009a0, 2;
E_00000000008a64d0/0 .event edge, v0000000000900d60_0, v00000000009009a0_0, v00000000009009a0_1, v00000000009009a0_2;
v00000000009009a0_3 .array/port v00000000009009a0, 3;
v00000000009009a0_4 .array/port v00000000009009a0, 4;
v00000000009009a0_5 .array/port v00000000009009a0, 5;
v00000000009009a0_6 .array/port v00000000009009a0, 6;
E_00000000008a64d0/1 .event edge, v00000000009009a0_3, v00000000009009a0_4, v00000000009009a0_5, v00000000009009a0_6;
v00000000009009a0_7 .array/port v00000000009009a0, 7;
v00000000009009a0_8 .array/port v00000000009009a0, 8;
v00000000009009a0_9 .array/port v00000000009009a0, 9;
v00000000009009a0_10 .array/port v00000000009009a0, 10;
E_00000000008a64d0/2 .event edge, v00000000009009a0_7, v00000000009009a0_8, v00000000009009a0_9, v00000000009009a0_10;
v00000000009009a0_11 .array/port v00000000009009a0, 11;
v00000000009009a0_12 .array/port v00000000009009a0, 12;
v00000000009009a0_13 .array/port v00000000009009a0, 13;
v00000000009009a0_14 .array/port v00000000009009a0, 14;
E_00000000008a64d0/3 .event edge, v00000000009009a0_11, v00000000009009a0_12, v00000000009009a0_13, v00000000009009a0_14;
v00000000009009a0_15 .array/port v00000000009009a0, 15;
E_00000000008a64d0/4 .event edge, v00000000009009a0_15;
E_00000000008a64d0 .event/or E_00000000008a64d0/0, E_00000000008a64d0/1, E_00000000008a64d0/2, E_00000000008a64d0/3, E_00000000008a64d0/4;
S_000000000087f580 .scope function, "checkcond" "checkcond" 5 111, 5 111 0, S_000000000087b550;
 .timescale -9 -11;
v000000000088a6b0_0 .var "ccode", 4 0;
v000000000088a750_0 .var "checkcond", 0 0;
TD_test.mnp.checkcond ;
    %load/vec4 v000000000088a6b0_0;
    %dup/vec4;
    %pushi/vec4 1, 0, 5;
    %cmp/u;
    %jmp/1 T_0.0, 6;
    %dup/vec4;
    %pushi/vec4 2, 0, 5;
    %cmp/u;
    %jmp/1 T_0.1, 6;
    %dup/vec4;
    %pushi/vec4 3, 0, 5;
    %cmp/u;
    %jmp/1 T_0.2, 6;
    %dup/vec4;
    %pushi/vec4 4, 0, 5;
    %cmp/u;
    %jmp/1 T_0.3, 6;
    %dup/vec4;
    %pushi/vec4 5, 0, 5;
    %cmp/u;
    %jmp/1 T_0.4, 6;
    %dup/vec4;
    %pushi/vec4 0, 0, 5;
    %cmp/u;
    %jmp/1 T_0.5, 6;
    %pushi/vec4 0, 0, 1;
    %store/vec4 v000000000088a750_0, 0, 1;
    %jmp T_0.7;
T_0.0 ;
    %load/vec4 v0000000000900e00_0;
    %parti/s 1, 0, 2;
    %store/vec4 v000000000088a750_0, 0, 1;
    %jmp T_0.7;
T_0.1 ;
    %load/vec4 v0000000000900e00_0;
    %parti/s 1, 1, 2;
    %store/vec4 v000000000088a750_0, 0, 1;
    %jmp T_0.7;
T_0.2 ;
    %load/vec4 v0000000000900e00_0;
    %parti/s 1, 2, 3;
    %store/vec4 v000000000088a750_0, 0, 1;
    %jmp T_0.7;
T_0.3 ;
    %load/vec4 v0000000000900e00_0;
    %parti/s 1, 3, 3;
    %store/vec4 v000000000088a750_0, 0, 1;
    %jmp T_0.7;
T_0.4 ;
    %load/vec4 v0000000000900e00_0;
    %parti/s 1, 4, 4;
    %store/vec4 v000000000088a750_0, 0, 1;
    %jmp T_0.7;
T_0.5 ;
    %pushi/vec4 1, 0, 1;
    %store/vec4 v000000000088a750_0, 0, 1;
    %jmp T_0.7;
T_0.7 ;
    %pop/vec4 1;
    %end;
S_000000000087f700 .scope task, "clearcondcode" "clearcondcode" 5 126, 5 126 0, S_000000000087b550;
 .timescale -9 -11;
TD_test.mnp.clearcondcode ;
    %pushi/vec4 0, 0, 5;
    %store/vec4 v0000000000900e00_0, 0, 5;
    %end;
S_0000000000822760 .scope task, "execute" "execute" 5 151, 5 151 0, S_000000000087b550;
 .timescale -9 -11;
TD_test.mnp.execute ;
    %load/vec4 v0000000000900720_0;
    %parti/s 4, 28, 6;
    %dup/vec4;
    %pushi/vec4 0, 0, 4;
    %cmp/u;
    %jmp/1 T_2.8, 6;
    %dup/vec4;
    %pushi/vec4 1, 0, 4;
    %cmp/u;
    %jmp/1 T_2.9, 6;
    %dup/vec4;
    %pushi/vec4 3, 0, 4;
    %cmp/u;
    %jmp/1 T_2.10, 6;
    %dup/vec4;
    %pushi/vec4 2, 0, 4;
    %cmp/u;
    %jmp/1 T_2.11, 6;
    %dup/vec4;
    %pushi/vec4 4, 0, 4;
    %cmp/u;
    %jmp/1 T_2.12, 6;
    %dup/vec4;
    %pushi/vec4 5, 0, 4;
    %cmp/u;
    %jmp/1 T_2.13, 6;
    %dup/vec4;
    %pushi/vec4 6, 0, 4;
    %cmp/u;
    %jmp/1 T_2.14, 6;
    %dup/vec4;
    %pushi/vec4 7, 0, 4;
    %cmp/u;
    %jmp/1 T_2.15, 6;
    %dup/vec4;
    %pushi/vec4 8, 0, 4;
    %cmp/u;
    %jmp/1 T_2.16, 6;
    %dup/vec4;
    %pushi/vec4 9, 0, 4;
    %cmp/u;
    %jmp/1 T_2.17, 6;
    %dup/vec4;
    %pushi/vec4 10, 0, 4;
    %cmp/u;
    %jmp/1 T_2.18, 6;
    %dup/vec4;
    %pushi/vec4 11, 0, 4;
    %cmp/u;
    %jmp/1 T_2.19, 6;
    %jmp T_2.21;
T_2.8 ;
    %jmp T_2.21;
T_2.9 ;
    %load/vec4 v0000000000900720_0;
    %parti/s 4, 24, 6;
    %pad/u 5;
    %store/vec4 v000000000088a6b0_0, 0, 5;
    %fork TD_test.mnp.checkcond, S_000000000087f580;
    %join;
    %load/vec4  v000000000088a750_0;
    %pad/u 32;
    %cmpi/e 1, 0, 32;
    %jmp/0xz  T_2.22, 4;
    %load/vec4 v0000000000900720_0;
    %parti/s 12, 0, 2;
    %store/vec4 v0000000000900d60_0, 0, 12;
    %vpi_call 5 158 "$display", "bra" {0 0 0};
T_2.22 ;
    %jmp T_2.21;
T_2.10 ;
    %fork TD_test.mnp.clearcondcode, S_000000000087f700;
    %join;
    %vpi_call 5 163 "$display", "LD" {0 0 0};
    %load/vec4 v0000000000900720_0;
    %parti/s 1, 27, 6;
    %pad/u 32;
    %cmpi/e 1, 0, 32;
    %jmp/0xz  T_2.24, 4;
    %load/vec4 v0000000000900720_0;
    %parti/s 12, 12, 5;
    %pad/u 33;
    %store/vec4 v0000000000901440_0, 0, 33;
    %jmp T_2.25;
T_2.24 ;
    %pushi/vec4 0, 0, 1;
    %store/vec4 v0000000000901120_0, 0, 1;
    %load/vec4 v0000000000900720_0;
    %parti/s 12, 12, 5;
    %store/vec4 v0000000000900cc0_0, 0, 12;
T_2.25 ;
    %jmp T_2.21;
T_2.11 ;
    %fork TD_test.mnp.clearcondcode, S_000000000087f700;
    %join;
    %pushi/vec4 1, 0, 1;
    %store/vec4 v0000000000901120_0, 0, 1;
    %load/vec4 v0000000000900720_0;
    %parti/s 12, 0, 2;
    %store/vec4 v0000000000900cc0_0, 0, 12;
    %load/vec4 v0000000000900720_0;
    %parti/s 1, 27, 6;
    %pad/u 32;
    %cmpi/e 1, 0, 32;
    %jmp/0xz  T_2.26, 4;
    %load/vec4 v0000000000900720_0;
    %parti/s 12, 12, 5;
    %pad/u 33;
    %store/vec4 v0000000000901440_0, 0, 33;
    %jmp T_2.27;
T_2.26 ;
    %load/vec4 v0000000000900720_0;
    %parti/s 12, 12, 5;
    %ix/vec4 4;
    %load/vec4a v00000000009009a0, 4;
    %pad/u 33;
    %store/vec4 v0000000000901440_0, 0, 33;
T_2.27 ;
    %jmp T_2.21;
T_2.12 ;
    %fork TD_test.mnp.clearcondcode, S_000000000087f700;
    %join;
    %load/vec4 v0000000000900720_0;
    %store/vec4 v0000000000901080_0, 0, 32;
    %fork TD_test.mnp.getsrc, S_0000000000900190;
    %join;
    %load/vec4  v000000000088ac50_0;
    %store/vec4 v0000000000901b20_0, 0, 32;
    %load/vec4 v0000000000900720_0;
    %store/vec4 v000000000088a930_0, 0, 32;
    %fork TD_test.mnp.getdst, S_0000000000900010;
    %join;
    %load/vec4  v000000000088a570_0;
    %store/vec4 v00000000009014e0_0, 0, 32;
    %load/vec4 v0000000000901b20_0;
    %pad/u 33;
    %load/vec4 v00000000009014e0_0;
    %pad/u 33;
    %add;
    %store/vec4 v0000000000901440_0, 0, 33;
    %jmp T_2.21;
T_2.13 ;
    %fork TD_test.mnp.clearcondcode, S_000000000087f700;
    %join;
    %load/vec4 v0000000000900720_0;
    %store/vec4 v0000000000901080_0, 0, 32;
    %fork TD_test.mnp.getsrc, S_0000000000900190;
    %join;
    %load/vec4  v000000000088ac50_0;
    %store/vec4 v0000000000901b20_0, 0, 32;
    %load/vec4 v0000000000900720_0;
    %store/vec4 v000000000088a930_0, 0, 32;
    %fork TD_test.mnp.getdst, S_0000000000900010;
    %join;
    %load/vec4  v000000000088a570_0;
    %store/vec4 v00000000009014e0_0, 0, 32;
    %load/vec4 v0000000000901b20_0;
    %pad/u 33;
    %load/vec4 v00000000009014e0_0;
    %pad/u 33;
    %mul;
    %store/vec4 v0000000000901440_0, 0, 33;
    %jmp T_2.21;
T_2.14 ;
    %fork TD_test.mnp.clearcondcode, S_000000000087f700;
    %join;
    %load/vec4 v0000000000900720_0;
    %store/vec4 v0000000000901080_0, 0, 32;
    %fork TD_test.mnp.getsrc, S_0000000000900190;
    %join;
    %load/vec4  v000000000088ac50_0;
    %store/vec4 v0000000000901b20_0, 0, 32;
    %load/vec4 v0000000000901b20_0;
    %pad/u 33;
    %inv;
    %store/vec4 v0000000000901440_0, 0, 33;
    %jmp T_2.21;
T_2.15 ;
    %fork TD_test.mnp.clearcondcode, S_000000000087f700;
    %join;
    %load/vec4 v0000000000900720_0;
    %store/vec4 v0000000000901080_0, 0, 32;
    %fork TD_test.mnp.getsrc, S_0000000000900190;
    %join;
    %load/vec4  v000000000088ac50_0;
    %store/vec4 v0000000000901b20_0, 0, 32;
    %load/vec4 v0000000000900720_0;
    %store/vec4 v000000000088a930_0, 0, 32;
    %fork TD_test.mnp.getdst, S_0000000000900010;
    %join;
    %load/vec4  v000000000088a570_0;
    %store/vec4 v00000000009014e0_0, 0, 32;
    %pushi/vec4 0, 0, 32;
    %load/vec4 v0000000000901b20_0;
    %parti/s 1, 11, 5;
    %pad/u 32;
    %cmp/u;
    %flag_or 5, 4;
    %flag_mov 8, 5;
    %jmp/0 T_2.28, 8;
    %load/vec4 v0000000000901b20_0;
    %jmp/1 T_2.29, 8;
T_2.28 ; End of true expr.
    %load/vec4 v0000000000901b20_0;
    %parti/s 12, 0, 2;
    %pad/u 32;
    %inv;
    %pushi/vec4 1, 0, 32;
    %add;
    %jmp/0 T_2.29, 8;
 ; End of false expr.
    %blend;
T_2.29;
    %store/vec4 v0000000000902200_0, 0, 32;
    %pushi/vec4 0, 0, 32;
    %load/vec4 v0000000000902200_0;
    %cmp/s;
    %flag_mov 8, 5;
    %jmp/0 T_2.30, 8;
    %load/vec4 v00000000009014e0_0;
    %pad/u 33;
    %load/vec4 v0000000000902200_0;
    %ix/vec4 4;
    %shiftr 4;
    %jmp/1 T_2.31, 8;
T_2.30 ; End of true expr.
    %load/vec4 v00000000009014e0_0;
    %pad/u 33;
    %load/vec4 v0000000000902200_0;
    %inv;
    %pushi/vec4 1, 0, 32;
    %add;
    %ix/vec4 4;
    %shiftl 4;
    %jmp/0 T_2.31, 8;
 ; End of false expr.
    %blend;
T_2.31;
    %store/vec4 v0000000000901440_0, 0, 33;
    %jmp T_2.21;
T_2.16 ;
    %fork TD_test.mnp.clearcondcode, S_000000000087f700;
    %join;
    %load/vec4 v0000000000900720_0;
    %store/vec4 v0000000000901080_0, 0, 32;
    %fork TD_test.mnp.getsrc, S_0000000000900190;
    %join;
    %load/vec4  v000000000088ac50_0;
    %store/vec4 v0000000000901b20_0, 0, 32;
    %load/vec4 v0000000000900720_0;
    %store/vec4 v000000000088a930_0, 0, 32;
    %fork TD_test.mnp.getdst, S_0000000000900010;
    %join;
    %load/vec4  v000000000088a570_0;
    %store/vec4 v00000000009014e0_0, 0, 32;
    %pushi/vec4 0, 0, 32;
    %load/vec4 v0000000000901b20_0;
    %parti/s 1, 11, 5;
    %pad/u 32;
    %cmp/u;
    %flag_or 5, 4;
    %flag_mov 8, 5;
    %jmp/0 T_2.32, 8;
    %pushi/vec4 0, 0, 2;
    %jmp/1 T_2.33, 8;
T_2.32 ; End of true expr.
    %pushi/vec4 1, 0, 2;
    %jmp/0 T_2.33, 8;
 ; End of false expr.
    %blend;
T_2.33;
    %pad/s 1;
    %store/vec4 v0000000000901260_0, 0, 1;
    %pushi/vec4 0, 0, 32;
    %load/vec4 v0000000000901b20_0;
    %parti/s 1, 11, 5;
    %pad/u 32;
    %cmp/u;
    %flag_or 5, 4;
    %flag_mov 8, 5;
    %jmp/0 T_2.34, 8;
    %load/vec4 v0000000000901b20_0;
    %jmp/1 T_2.35, 8;
T_2.34 ; End of true expr.
    %load/vec4 v0000000000901b20_0;
    %parti/s 12, 0, 2;
    %pad/u 32;
    %inv;
    %pushi/vec4 1, 0, 32;
    %add;
    %jmp/0 T_2.35, 8;
 ; End of false expr.
    %blend;
T_2.35;
    %store/vec4 v0000000000902200_0, 0, 32;
T_2.36 ;
    %pushi/vec4 0, 0, 32;
    %load/vec4 v0000000000902200_0;
    %cmp/s;
    %jmp/0xz T_2.37, 5;
    %load/vec4 v0000000000901260_0;
    %pad/u 32;
    %cmpi/e 0, 0, 32;
    %jmp/0xz  T_2.38, 4;
    %load/vec4 v00000000009014e0_0;
    %pad/u 33;
    %ix/load 4, 1, 0;
    %flag_set/imm 4, 0;
    %shiftr 4;
    %store/vec4 v0000000000901440_0, 0, 33;
    %load/vec4 v00000000009014e0_0;
    %parti/s 1, 0, 2;
    %ix/load 4, 31, 0;
    %flag_set/imm 4, 0;
    %store/vec4 v0000000000901440_0, 4, 1;
    %jmp T_2.39;
T_2.38 ;
    %load/vec4 v00000000009014e0_0;
    %pad/u 33;
    %ix/load 4, 1, 0;
    %flag_set/imm 4, 0;
    %shiftl 4;
    %store/vec4 v0000000000901440_0, 0, 33;
    %load/vec4 v00000000009014e0_0;
    %parti/s 1, 31, 6;
    %ix/load 4, 0, 0;
    %flag_set/imm 4, 0;
    %store/vec4 v0000000000901440_0, 4, 1;
T_2.39 ;
    %load/vec4 v0000000000902200_0;
    %subi 1, 0, 32;
    %store/vec4 v0000000000902200_0, 0, 32;
    %load/vec4 v0000000000901440_0;
    %pad/u 32;
    %store/vec4 v00000000009014e0_0, 0, 32;
    %jmp T_2.36;
T_2.37 ;
    %jmp T_2.21;
T_2.17 ;
    %fork TD_test.mnp.clearcondcode, S_000000000087f700;
    %join;
    %load/vec4 v0000000000900720_0;
    %store/vec4 v0000000000901080_0, 0, 32;
    %fork TD_test.mnp.getsrc, S_0000000000900190;
    %join;
    %load/vec4  v000000000088ac50_0;
    %store/vec4 v0000000000901b20_0, 0, 32;
    %load/vec4 v0000000000900720_0;
    %store/vec4 v000000000088a930_0, 0, 32;
    %fork TD_test.mnp.getdst, S_0000000000900010;
    %join;
    %load/vec4  v000000000088a570_0;
    %store/vec4 v00000000009014e0_0, 0, 32;
    %load/vec4 v00000000009014e0_0;
    %pad/u 33;
    %load/vec4 v0000000000901b20_0;
    %pad/u 33;
    %sub;
    %store/vec4 v0000000000901440_0, 0, 33;
    %jmp T_2.21;
T_2.18 ;
    %fork TD_test.mnp.clearcondcode, S_000000000087f700;
    %join;
    %load/vec4 v0000000000900720_0;
    %store/vec4 v0000000000901080_0, 0, 32;
    %fork TD_test.mnp.getsrc, S_0000000000900190;
    %join;
    %load/vec4  v000000000088ac50_0;
    %store/vec4 v0000000000901b20_0, 0, 32;
    %load/vec4 v0000000000900720_0;
    %store/vec4 v000000000088a930_0, 0, 32;
    %fork TD_test.mnp.getdst, S_0000000000900010;
    %join;
    %load/vec4  v000000000088a570_0;
    %store/vec4 v00000000009014e0_0, 0, 32;
    %load/vec4 v00000000009014e0_0;
    %pad/u 33;
    %load/vec4 v0000000000901b20_0;
    %pad/u 33;
    %or;
    %store/vec4 v0000000000901440_0, 0, 33;
    %jmp T_2.21;
T_2.19 ;
    %pushi/vec4 1, 0, 1;
    %store/vec4 v0000000000901d00_0, 0, 1;
    %jmp T_2.21;
T_2.21 ;
    %pop/vec4 1;
    %end;
S_00000000008228e0 .scope task, "fetch" "fetch" 5 144, 5 144 0, S_000000000087b550;
 .timescale -9 -11;
TD_test.mnp.fetch ;
    %pushi/vec4 0, 0, 1;
    %store/vec4 v0000000000900540_0, 0, 1;
    %load/vec4 v0000000000900680_0;
    %store/vec4 v0000000000900720_0, 0, 32;
    %end;
S_0000000000900010 .scope function, "getdst" "getdst" 5 101, 5 101 0, S_000000000087b550;
 .timescale -9 -11;
v000000000088a570_0 .var "getdst", 31 0;
v000000000088a930_0 .var "in", 31 0;
TD_test.mnp.getdst ;
    %load/vec4 v0000000000900720_0;
    %parti/s 1, 26, 6;
    %pad/u 32;
    %cmpi/e 0, 0, 32;
    %jmp/0xz  T_4.40, 4;
    %load/vec4 v0000000000900720_0;
    %parti/s 12, 0, 2;
    %ix/vec4 4;
    %load/vec4a v00000000009009a0, 4;
    %store/vec4 v000000000088a570_0, 0, 32;
T_4.40 ;
    %end;
S_0000000000900190 .scope function, "getsrc" "getsrc" 5 91, 5 91 0, S_000000000087b550;
 .timescale -9 -11;
v000000000088ac50_0 .var "getsrc", 31 0;
v0000000000901080_0 .var "in", 31 0;
TD_test.mnp.getsrc ;
    %load/vec4 v0000000000900720_0;
    %parti/s 1, 27, 6;
    %pad/u 32;
    %cmpi/e 0, 0, 32;
    %jmp/0xz  T_5.42, 4;
    %load/vec4 v0000000000900720_0;
    %parti/s 12, 12, 5;
    %ix/vec4 4;
    %load/vec4a v00000000009009a0, 4;
    %store/vec4 v000000000088ac50_0, 0, 32;
    %jmp T_5.43;
T_5.42 ;
    %load/vec4 v0000000000900720_0;
    %parti/s 12, 12, 5;
    %pad/u 32;
    %store/vec4 v000000000088ac50_0, 0, 32;
T_5.43 ;
    %end;
S_0000000000902720 .scope task, "setcondcode" "setcondcode" 5 132, 5 132 0, S_000000000087b550;
 .timescale -9 -11;
v0000000000901940_0 .var "res", 32 0;
TD_test.mnp.setcondcode ;
    %load/vec4 v0000000000901940_0;
    %parti/s 1, 32, 7;
    %ix/load 4, 0, 0;
    %flag_set/imm 4, 0;
    %store/vec4 v0000000000900e00_0, 4, 1;
    %load/vec4 v0000000000901940_0;
    %parti/s 1, 0, 2;
    %inv;
    %ix/load 4, 1, 0;
    %flag_set/imm 4, 0;
    %store/vec4 v0000000000900e00_0, 4, 1;
    %load/vec4 v0000000000901940_0;
    %xor/r;
    %ix/load 4, 2, 0;
    %flag_set/imm 4, 0;
    %store/vec4 v0000000000900e00_0, 4, 1;
    %load/vec4 v0000000000901940_0;
    %or/r;
    %inv;
    %ix/load 4, 3, 0;
    %flag_set/imm 4, 0;
    %store/vec4 v0000000000900e00_0, 4, 1;
    %load/vec4 v0000000000901940_0;
    %parti/s 1, 31, 6;
    %ix/load 4, 4, 0;
    %flag_set/imm 4, 0;
    %store/vec4 v0000000000900e00_0, 4, 1;
    %end;
S_00000000009028a0 .scope task, "write_result" "write_result" 5 256, 5 256 0, S_000000000087b550;
 .timescale -9 -11;
TD_test.mnp.write_result ;
    %pushi/vec4 4, 0, 4;
    %load/vec4 v0000000000900720_0;
    %parti/s 4, 28, 6;
    %cmp/u;
    %flag_get/vec4 4;
    %flag_get/vec4 5;
    %or;
    %load/vec4 v0000000000900720_0;
    %parti/s 4, 28, 6;
    %cmpi/u 11, 0, 4;
    %flag_get/vec4 5;
    %and;
    %flag_set/vec4 8;
    %jmp/0xz  T_7.44, 8;
    %load/vec4 v0000000000900720_0;
    %parti/s 1, 26, 6;
    %pad/u 32;
    %cmpi/e 0, 0, 32;
    %jmp/0xz  T_7.46, 4;
    %load/vec4 v0000000000901440_0;
    %pad/u 32;
    %load/vec4 v0000000000900720_0;
    %parti/s 12, 0, 2;
    %ix/vec4 4;
    %store/vec4a v00000000009009a0, 4, 0;
    %jmp T_7.47;
T_7.46 ;
    %vpi_call 5 263 "$display", "error!!" {0 0 0};
T_7.47 ;
    %load/vec4 v0000000000901440_0;
    %store/vec4 v0000000000901940_0, 0, 33;
    %fork TD_test.mnp.setcondcode, S_0000000000902720;
    %join;
    %jmp T_7.45;
T_7.44 ;
    %load/vec4 v0000000000900720_0;
    %parti/s 4, 28, 6;
    %cmpi/e 3, 0, 4;
    %jmp/0xz  T_7.48, 4;
    %load/vec4 v0000000000900720_0;
    %parti/s 1, 27, 6;
    %pad/u 32;
    %cmpi/ne 1, 0, 32;
    %jmp/0xz  T_7.50, 4;
    %pushi/vec4 0, 0, 1;
    %store/vec4 v0000000000901120_0, 0, 1;
    %load/vec4 v0000000000900720_0;
    %parti/s 12, 12, 5;
    %store/vec4 v0000000000900cc0_0, 0, 12;
    %load/vec4 v0000000000901760_0;
    %pad/u 33;
    %store/vec4 v0000000000901440_0, 0, 33;
T_7.50 ;
    %load/vec4 v0000000000900720_0;
    %parti/s 1, 26, 6;
    %pad/u 32;
    %cmpi/e 0, 0, 32;
    %jmp/0xz  T_7.52, 4;
    %load/vec4 v0000000000901440_0;
    %pad/u 32;
    %load/vec4 v0000000000900720_0;
    %parti/s 12, 0, 2;
    %ix/vec4 4;
    %store/vec4a v00000000009009a0, 4, 0;
    %jmp T_7.53;
T_7.52 ;
    %vpi_call 5 277 "$display", "error!!" {0 0 0};
T_7.53 ;
    %load/vec4 v0000000000901440_0;
    %store/vec4 v0000000000901940_0, 0, 33;
    %fork TD_test.mnp.setcondcode, S_0000000000902720;
    %join;
    %jmp T_7.49;
T_7.48 ;
    %load/vec4 v0000000000900720_0;
    %parti/s 4, 28, 6;
    %cmpi/e 2, 0, 4;
    %jmp/0xz  T_7.54, 4;
    %pushi/vec4 1, 0, 1;
    %store/vec4 v0000000000901120_0, 0, 1;
    %load/vec4 v0000000000900720_0;
    %parti/s 12, 0, 2;
    %store/vec4 v0000000000900cc0_0, 0, 12;
    %load/vec4 v0000000000901440_0;
    %parti/s 32, 0, 2;
    %store/vec4 v0000000000901bc0_0, 0, 32;
    %load/vec4 v0000000000901440_0;
    %store/vec4 v0000000000901940_0, 0, 33;
    %fork TD_test.mnp.setcondcode, S_0000000000902720;
    %join;
T_7.54 ;
T_7.49 ;
T_7.45 ;
    %load/vec4 v0000000000900720_0;
    %parti/s 4, 28, 6;
    %pushi/vec4 1, 0, 4;
    %cmp/e;
    %flag_get/vec4 4;
    %nor/r;
    %flag_set/vec4 8;
    %jmp/0xz  T_7.56, 8;
    %load/vec4 v0000000000900860_0;
    %addi 1, 0, 12;
    %store/vec4 v0000000000900d60_0, 0, 12;
T_7.56 ;
    %end;
    .scope S_000000000087b550;
T_8 ;
    %wait E_00000000008a64d0;
    %vpi_call 5 295 "$display", "%d %d %h %h", $time, v0000000000900d60_0, &A<v00000000009009a0, 0>, &A<v00000000009009a0, 1> {0 0 0};
    %jmp T_8;
    .thread T_8, $push;
    .scope S_000000000087b550;
T_9 ;
    %wait E_00000000008a6990;
    %load/vec4 v0000000000901da0_0;
    %flag_set/vec4 8;
    %jmp/0xz  T_9.0, 8;
    %pushi/vec4 3, 0, 2;
    %assign/vec4 v0000000000901580_0, 0;
    %pushi/vec4 0, 0, 12;
    %assign/vec4 v0000000000900860_0, 0;
    %pushi/vec4 0, 0, 33;
    %assign/vec4 v00000000009019e0_0, 0;
    %pushi/vec4 0, 0, 5;
    %assign/vec4 v0000000000901a80_0, 0;
    %jmp T_9.1;
T_9.0 ;
    %load/vec4 v0000000000900d60_0;
    %assign/vec4 v0000000000900860_0, 0;
    %load/vec4 v0000000000901440_0;
    %assign/vec4 v00000000009019e0_0, 0;
    %load/vec4 v0000000000900c20_0;
    %assign/vec4 v0000000000901580_0, 0;
    %load/vec4 v0000000000900e00_0;
    %assign/vec4 v0000000000901a80_0, 0;
T_9.1 ;
    %jmp T_9;
    .thread T_9;
    .scope S_000000000087b550;
T_10 ;
    %wait E_00000000008a5cd0;
    %load/vec4 v0000000000900860_0;
    %store/vec4 v0000000000900d60_0, 0, 12;
    %pushi/vec4 0, 0, 1;
    %store/vec4 v0000000000901d00_0, 0, 1;
    %pushi/vec4 0, 0, 1;
    %store/vec4 v0000000000900540_0, 0, 1;
    %pushi/vec4 0, 0, 1;
    %store/vec4 v0000000000901120_0, 0, 1;
    %pushi/vec4 0, 0, 12;
    %store/vec4 v0000000000900cc0_0, 0, 12;
    %load/vec4 v0000000000900d60_0;
    %store/vec4 v00000000009011c0_0, 0, 12;
    %load/vec4 v0000000000900680_0;
    %store/vec4 v0000000000900720_0, 0, 32;
    %pushi/vec4 0, 0, 32;
    %store/vec4 v0000000000901bc0_0, 0, 32;
    %pushi/vec4 0, 0, 32;
    %store/vec4 v0000000000901b20_0, 0, 32;
    %pushi/vec4 0, 0, 32;
    %store/vec4 v00000000009014e0_0, 0, 32;
    %load/vec4 v00000000009019e0_0;
    %store/vec4 v0000000000901440_0, 0, 33;
    %load/vec4 v0000000000901a80_0;
    %store/vec4 v0000000000900e00_0, 0, 5;
    %load/vec4 v0000000000901580_0;
    %dup/vec4;
    %pushi/vec4 0, 0, 2;
    %cmp/u;
    %jmp/1 T_10.0, 6;
    %dup/vec4;
    %pushi/vec4 1, 0, 2;
    %cmp/u;
    %jmp/1 T_10.1, 6;
    %dup/vec4;
    %pushi/vec4 2, 0, 2;
    %cmp/u;
    %jmp/1 T_10.2, 6;
    %pushi/vec4 0, 0, 2;
    %store/vec4 v0000000000900c20_0, 0, 2;
    %pushi/vec4 0, 0, 12;
    %store/vec4 v0000000000900d60_0, 0, 12;
    %jmp T_10.4;
T_10.0 ;
    %fork TD_test.mnp.fetch, S_00000000008228e0;
    %join;
    %pushi/vec4 1, 0, 2;
    %store/vec4 v0000000000900c20_0, 0, 2;
    %jmp T_10.4;
T_10.1 ;
    %fork TD_test.mnp.execute, S_0000000000822760;
    %join;
    %pushi/vec4 2, 0, 2;
    %store/vec4 v0000000000900c20_0, 0, 2;
    %jmp T_10.4;
T_10.2 ;
    %fork TD_test.mnp.write_result, S_00000000009028a0;
    %join;
    %pushi/vec4 0, 0, 2;
    %store/vec4 v0000000000900c20_0, 0, 2;
    %jmp T_10.4;
T_10.4 ;
    %pop/vec4 1;
    %jmp T_10;
    .thread T_10, $push;
    .scope S_0000000000881da0;
T_11 ;
    %wait E_00000000008a6990;
    %load/vec4 v000000000088b330_0;
    %flag_set/vec4 8;
    %jmp/0xz  T_11.0, 8;
    %vpi_call 3 14 "$readmemb", "data.txt", v000000000088acf0 {0 0 0};
    %jmp T_11.1;
T_11.0 ;
    %load/vec4 v000000000088a430_0;
    %flag_set/vec4 8;
    %jmp/0xz  T_11.2, 8;
    %load/vec4 v000000000088aa70_0;
    %load/vec4 v000000000088b290_0;
    %pad/u 14;
    %ix/vec4 4;
    %store/vec4a v000000000088acf0, 4, 0;
    %jmp T_11.3;
T_11.2 ;
    %load/vec4 v000000000088b290_0;
    %pad/u 14;
    %ix/vec4 4;
    %load/vec4a v000000000088acf0, 4;
    %store/vec4 v000000000088abb0_0, 0, 32;
T_11.3 ;
T_11.1 ;
    %jmp T_11;
    .thread T_11;
    .scope S_0000000000881f20;
T_12 ;
    %wait E_00000000008a6990;
    %load/vec4 v000000000088a610_0;
    %flag_set/vec4 8;
    %jmp/0xz  T_12.0, 8;
    %vpi_call 4 14 "$readmemb", "risc.prog", v000000000088af70 {0 0 0};
    %jmp T_12.1;
T_12.0 ;
    %load/vec4 v000000000088aed0_0;
    %flag_set/vec4 8;
    %jmp/0xz  T_12.2, 8;
    %load/vec4 v000000000088ae30_0;
    %load/vec4 v000000000088a890_0;
    %pad/u 14;
    %ix/vec4 4;
    %store/vec4a v000000000088af70, 4, 0;
    %jmp T_12.3;
T_12.2 ;
    %load/vec4 v000000000088a890_0;
    %pad/u 14;
    %ix/vec4 4;
    %load/vec4a v000000000088af70, 4;
    %store/vec4 v000000000088a9d0_0, 0, 32;
T_12.3 ;
T_12.1 ;
    %jmp T_12;
    .thread T_12;
    .scope S_0000000000858800;
T_13 ;
    %pushi/vec4 0, 0, 1;
    %store/vec4 v00000000009005e0_0, 0, 1;
    %pushi/vec4 1, 0, 1;
    %store/vec4 v0000000000900a40_0, 0, 1;
    %delay 3000, 0;
    %pushi/vec4 0, 0, 1;
    %store/vec4 v0000000000900a40_0, 0, 1;
    %end;
    .thread T_13;
    .scope S_0000000000858800;
T_14 ;
    %delay 500, 0;
    %load/vec4 v00000000009005e0_0;
    %inv;
    %store/vec4 v00000000009005e0_0, 0, 1;
    %jmp T_14;
    .thread T_14;
    .scope S_0000000000858800;
T_15 ;
    %wait E_00000000008a6650;
    %load/vec4 v0000000000901ee0_0;
    %flag_set/vec4 8;
    %jmp/0xz  T_15.0, 8;
    %vpi_call 2 50 "$display", "halt" {0 0 0};
    %vpi_call 2 51 "$finish" {0 0 0};
T_15.0 ;
    %jmp T_15;
    .thread T_15, $push;
    .scope S_0000000000858800;
T_16 ;
    %vpi_call 2 63 "$dumpfile", "np.vcd" {0 0 0};
    %vpi_call 2 64 "$dumpvars" {0 0 0};
    %end;
    .thread T_16;
# The file index is used to find the file name in the following table.
:file_names 6;
    "N/A";
    "<interactive>";
    ".\testbench.v";
    "./memory.v";
    "./inMemory.v";
    "./np_second_generation.v";
